2011/11/19 21:21:37 [error] [php] Use of undefined constant CURLOPT_CONNECTTIMEOUT - assumed 'CURLOPT_CONNECTTIMEOUT' (C:\xampp\htdocs\facebook.connect\protected\extensions\facebook\FbLogin.php:27)
Stack trace:
#0 C:\xampp\htdocs\facebook.connect\framework\web\CBaseController.php(119): require()
#1 C:\xampp\htdocs\facebook.connect\framework\web\CBaseController.php(88): SiteController->renderInternal()
#2 C:\xampp\htdocs\facebook.connect\framework\web\widgets\CContentDecorator.php(78): SiteController->renderFile()
#3 C:\xampp\htdocs\facebook.connect\framework\web\widgets\CContentDecorator.php(56): CContentDecorator->decorate()
#4 C:\xampp\htdocs\facebook.connect\framework\web\widgets\COutputProcessor.php(45): CContentDecorator->processOutput()
#5 C:\xampp\htdocs\facebook.connect\framework\web\CBaseController.php(199): CContentDecorator->run()
#6 C:\xampp\htdocs\facebook.connect\framework\web\CBaseController.php(294): SiteController->endWidget()
#7 C:\xampp\htdocs\facebook.connect\protected\views\layouts\column1.php(7): SiteController->endContent()
#8 C:\xampp\htdocs\facebook.connect\framework\web\CBaseController.php(119): require()
#9 C:\xampp\htdocs\facebook.connect\framework\web\CBaseController.php(88): SiteController->renderInternal()
#10 C:\xampp\htdocs\facebook.connect\framework\web\CController.php(781): SiteController->renderFile()
#11 C:\xampp\htdocs\facebook.connect\protected\controllers\SiteController.php(32): SiteController->render()
#12 C:\xampp\htdocs\facebook.connect\framework\web\actions\CInlineAction.php(50): SiteController->actionIndex()
#13 C:\xampp\htdocs\facebook.connect\framework\web\CController.php(300): CInlineAction->runWithParams()
#14 C:\xampp\htdocs\facebook.connect\framework\web\CController.php(278): SiteController->runAction()
#15 C:\xampp\htdocs\facebook.connect\framework\web\CController.php(257): SiteController->runActionWithFilters()
#16 C:\xampp\htdocs\facebook.connect\framework\web\CWebApplication.php(277): SiteController->run()
#17 C:\xampp\htdocs\facebook.connect\framework\web\CWebApplication.php(136): CWebApplication->runController()
#18 C:\xampp\htdocs\facebook.connect\framework\base\CApplication.php(158): CWebApplication->processRequest()
#19 C:\xampp\htdocs\facebook.connect\index.php(13): CWebApplication->run()
REQUEST_URI=/facebook.connect/
in C:\xampp\htdocs\facebook.connect\protected\extensions\facebook\FbLogin.php (27)
in C:\xampp\htdocs\facebook.connect\protected\views\layouts\main.php (51)
in C:\xampp\htdocs\facebook.connect\protected\views\layouts\column1.php (7)
2011/11/19 21:53:33 [error] [php] Use of undefined constant CURLOPT_CONNECTTIMEOUT - assumed 'CURLOPT_CONNECTTIMEOUT' (C:\xampp\htdocs\facebook.connect\protected\extensions\facebook\FbLogin.php:27)
Stack trace:
#0 C:\xampp\htdocs\facebook.connect\framework\web\CBaseController.php(119): require()
#1 C:\xampp\htdocs\facebook.connect\framework\web\CBaseController.php(88): SiteController->renderInternal()
#2 C:\xampp\htdocs\facebook.connect\framework\web\widgets\CContentDecorator.php(78): SiteController->renderFile()
#3 C:\xampp\htdocs\facebook.connect\framework\web\widgets\CContentDecorator.php(56): CContentDecorator->decorate()
#4 C:\xampp\htdocs\facebook.connect\framework\web\widgets\COutputProcessor.php(45): CContentDecorator->processOutput()
#5 C:\xampp\htdocs\facebook.connect\framework\web\CBaseController.php(199): CContentDecorator->run()
#6 C:\xampp\htdocs\facebook.connect\framework\web\CBaseController.php(294): SiteController->endWidget()
#7 C:\xampp\htdocs\facebook.connect\protected\views\layouts\column1.php(7): SiteController->endContent()
#8 C:\xampp\htdocs\facebook.connect\framework\web\CBaseController.php(119): require()
#9 C:\xampp\htdocs\facebook.connect\framework\web\CBaseController.php(88): SiteController->renderInternal()
#10 C:\xampp\htdocs\facebook.connect\framework\web\CController.php(781): SiteController->renderFile()
#11 C:\xampp\htdocs\facebook.connect\protected\controllers\SiteController.php(35): SiteController->render()
#12 C:\xampp\htdocs\facebook.connect\framework\web\actions\CInlineAction.php(50): SiteController->actionIndex()
#13 C:\xampp\htdocs\facebook.connect\framework\web\CController.php(300): CInlineAction->runWithParams()
#14 C:\xampp\htdocs\facebook.connect\framework\web\CController.php(278): SiteController->runAction()
#15 C:\xampp\htdocs\facebook.connect\framework\web\CController.php(257): SiteController->runActionWithFilters()
#16 C:\xampp\htdocs\facebook.connect\framework\web\CWebApplication.php(277): SiteController->run()
#17 C:\xampp\htdocs\facebook.connect\framework\web\CWebApplication.php(136): CWebApplication->runController()
#18 C:\xampp\htdocs\facebook.connect\framework\base\CApplication.php(158): CWebApplication->processRequest()
#19 C:\xampp\htdocs\facebook.connect\index.php(13): CWebApplication->run()
REQUEST_URI=/facebook.connect/
in C:\xampp\htdocs\facebook.connect\protected\extensions\facebook\FbLogin.php (27)
in C:\xampp\htdocs\facebook.connect\protected\views\layouts\main.php (51)
in C:\xampp\htdocs\facebook.connect\protected\views\layouts\column1.php (7)
2011/11/19 21:55:58 [error] [php] Use of undefined constant CURLOPT_CONNECTTIMEOUT - assumed 'CURLOPT_CONNECTTIMEOUT' (C:\xampp\htdocs\facebook.connect\protected\extensions\facebook\FbLogin.php:27)
Stack trace:
#0 C:\xampp\htdocs\facebook.connect\framework\web\CBaseController.php(119): require()
#1 C:\xampp\htdocs\facebook.connect\framework\web\CBaseController.php(88): SiteController->renderInternal()
#2 C:\xampp\htdocs\facebook.connect\framework\web\widgets\CContentDecorator.php(78): SiteController->renderFile()
#3 C:\xampp\htdocs\facebook.connect\framework\web\widgets\CContentDecorator.php(56): CContentDecorator->decorate()
#4 C:\xampp\htdocs\facebook.connect\framework\web\widgets\COutputProcessor.php(45): CContentDecorator->processOutput()
#5 C:\xampp\htdocs\facebook.connect\framework\web\CBaseController.php(199): CContentDecorator->run()
#6 C:\xampp\htdocs\facebook.connect\framework\web\CBaseController.php(294): SiteController->endWidget()
#7 C:\xampp\htdocs\facebook.connect\protected\views\layouts\column1.php(7): SiteController->endContent()
#8 C:\xampp\htdocs\facebook.connect\framework\web\CBaseController.php(119): require()
#9 C:\xampp\htdocs\facebook.connect\framework\web\CBaseController.php(88): SiteController->renderInternal()
#10 C:\xampp\htdocs\facebook.connect\framework\web\CController.php(781): SiteController->renderFile()
#11 C:\xampp\htdocs\facebook.connect\protected\controllers\SiteController.php(35): SiteController->render()
#12 C:\xampp\htdocs\facebook.connect\framework\web\actions\CInlineAction.php(50): SiteController->actionIndex()
#13 C:\xampp\htdocs\facebook.connect\framework\web\CController.php(300): CInlineAction->runWithParams()
#14 C:\xampp\htdocs\facebook.connect\framework\web\CController.php(278): SiteController->runAction()
#15 C:\xampp\htdocs\facebook.connect\framework\web\CController.php(257): SiteController->runActionWithFilters()
#16 C:\xampp\htdocs\facebook.connect\framework\web\CWebApplication.php(277): SiteController->run()
#17 C:\xampp\htdocs\facebook.connect\framework\web\CWebApplication.php(136): CWebApplication->runController()
#18 C:\xampp\htdocs\facebook.connect\framework\base\CApplication.php(158): CWebApplication->processRequest()
#19 C:\xampp\htdocs\facebook.connect\index.php(13): CWebApplication->run()
REQUEST_URI=/facebook.connect/
in C:\xampp\htdocs\facebook.connect\protected\extensions\facebook\FbLogin.php (27)
in C:\xampp\htdocs\facebook.connect\protected\views\layouts\main.php (51)
in C:\xampp\htdocs\facebook.connect\protected\views\layouts\column1.php (7)
2011/11/19 21:57:11 [error] [php] Use of undefined constant CURLOPT_CONNECTTIMEOUT - assumed 'CURLOPT_CONNECTTIMEOUT' (C:\xampp\htdocs\facebook.connect\protected\extensions\facebook\FbLogin.php:27)
Stack trace:
#0 C:\xampp\htdocs\facebook.connect\framework\web\CBaseController.php(119): require()
#1 C:\xampp\htdocs\facebook.connect\framework\web\CBaseController.php(88): SiteController->renderInternal()
#2 C:\xampp\htdocs\facebook.connect\framework\web\widgets\CContentDecorator.php(78): SiteController->renderFile()
#3 C:\xampp\htdocs\facebook.connect\framework\web\widgets\CContentDecorator.php(56): CContentDecorator->decorate()
#4 C:\xampp\htdocs\facebook.connect\framework\web\widgets\COutputProcessor.php(45): CContentDecorator->processOutput()
#5 C:\xampp\htdocs\facebook.connect\framework\web\CBaseController.php(199): CContentDecorator->run()
#6 C:\xampp\htdocs\facebook.connect\framework\web\CBaseController.php(294): SiteController->endWidget()
#7 C:\xampp\htdocs\facebook.connect\protected\views\layouts\column1.php(7): SiteController->endContent()
#8 C:\xampp\htdocs\facebook.connect\framework\web\CBaseController.php(119): require()
#9 C:\xampp\htdocs\facebook.connect\framework\web\CBaseController.php(88): SiteController->renderInternal()
#10 C:\xampp\htdocs\facebook.connect\framework\web\CController.php(781): SiteController->renderFile()
#11 C:\xampp\htdocs\facebook.connect\protected\controllers\SiteController.php(35): SiteController->render()
#12 C:\xampp\htdocs\facebook.connect\framework\web\actions\CInlineAction.php(50): SiteController->actionIndex()
#13 C:\xampp\htdocs\facebook.connect\framework\web\CController.php(300): CInlineAction->runWithParams()
#14 C:\xampp\htdocs\facebook.connect\framework\web\CController.php(278): SiteController->runAction()
#15 C:\xampp\htdocs\facebook.connect\framework\web\CController.php(257): SiteController->runActionWithFilters()
#16 C:\xampp\htdocs\facebook.connect\framework\web\CWebApplication.php(277): SiteController->run()
#17 C:\xampp\htdocs\facebook.connect\framework\web\CWebApplication.php(136): CWebApplication->runController()
#18 C:\xampp\htdocs\facebook.connect\framework\base\CApplication.php(158): CWebApplication->processRequest()
#19 C:\xampp\htdocs\facebook.connect\index.php(13): CWebApplication->run()
REQUEST_URI=/facebook.connect/
in C:\xampp\htdocs\facebook.connect\protected\extensions\facebook\FbLogin.php (27)
in C:\xampp\htdocs\facebook.connect\protected\views\layouts\main.php (51)
in C:\xampp\htdocs\facebook.connect\protected\views\layouts\column1.php (7)
2011/11/19 22:07:48 [error] [exception.CException] exception 'CException' with message 'Alias "application.extensions.facebook.FbLogin" is invalid. Make sure it points to an existing PHP file.' in C:\xampp\htdocs\facebook.connect\framework\YiiBase.php:321
Stack trace:
#0 C:\xampp\htdocs\facebook.connect\framework\web\CWidgetFactory.php(147): YiiBase::import('application.ext...', true)
#1 C:\xampp\htdocs\facebook.connect\framework\web\CBaseController.php(139): CWidgetFactory->createWidget(Object(SiteController), 'application.ext...', Array)
#2 C:\xampp\htdocs\facebook.connect\framework\web\CBaseController.php(165): CBaseController->createWidget('application.ext...', Array)
#3 C:\xampp\htdocs\facebook.connect\protected\views\layouts\main.php(51): CBaseController->widget('application.ext...', Array)
#4 C:\xampp\htdocs\facebook.connect\framework\web\CBaseController.php(119): require('C:\xampp\htdocs...')
#5 C:\xampp\htdocs\facebook.connect\framework\web\CBaseController.php(88): CBaseController->renderInternal('C:\xampp\htdocs...', Array, true)
#6 C:\xampp\htdocs\facebook.connect\framework\web\widgets\CContentDecorator.php(78): CBaseController->renderFile('C:\xampp\htdocs...', Array, true)
#7 C:\xampp\htdocs\facebook.connect\framework\web\widgets\CContentDecorator.php(56): CContentDecorator->decorate('<div class="con...')
#8 C:\xampp\htdocs\facebook.connect\framework\web\widgets\COutputProcessor.php(45): CContentDecorator->processOutput('<div class="con...')
#9 C:\xampp\htdocs\facebook.connect\framework\web\CBaseController.php(199): COutputProcessor->run()
#10 C:\xampp\htdocs\facebook.connect\framework\web\CBaseController.php(294): CBaseController->endWidget('CContentDecorat...')
#11 C:\xampp\htdocs\facebook.connect\protected\views\layouts\column1.php(7): CBaseController->endContent()
#12 C:\xampp\htdocs\facebook.connect\framework\web\CBaseController.php(119): require('C:\xampp\htdocs...')
#13 C:\xampp\htdocs\facebook.connect\framework\web\CBaseController.php(88): CBaseController->renderInternal('C:\xampp\htdocs...', Array, true)
#14 C:\xampp\htdocs\facebook.connect\framework\web\CController.php(781): CBaseController->renderFile('C:\xampp\htdocs...', Array, true)
#15 C:\xampp\htdocs\facebook.connect\protected\controllers\SiteController.php(35): CController->render('index')
#16 C:\xampp\htdocs\facebook.connect\framework\web\actions\CInlineAction.php(50): SiteController->actionIndex()
#17 C:\xampp\htdocs\facebook.connect\framework\web\CController.php(300): CInlineAction->runWithParams(Array)
#18 C:\xampp\htdocs\facebook.connect\framework\web\CController.php(278): CController->runAction(Object(CInlineAction))
#19 C:\xampp\htdocs\facebook.connect\framework\web\CController.php(257): CController->runActionWithFilters(Object(CInlineAction), Array)
#20 C:\xampp\htdocs\facebook.connect\framework\web\CWebApplication.php(277): CController->run('')
#21 C:\xampp\htdocs\facebook.connect\framework\web\CWebApplication.php(136): CWebApplication->runController('')
#22 C:\xampp\htdocs\facebook.connect\framework\base\CApplication.php(158): CWebApplication->processRequest()
#23 C:\xampp\htdocs\facebook.connect\index.php(13): CApplication->run()
#24 {main} REQUEST_URI=/facebook.connect/
2011/11/19 22:10:03 [error] [php] Use of undefined constant CURLOPT_CONNECTTIMEOUT - assumed 'CURLOPT_CONNECTTIMEOUT' (C:\xampp\htdocs\facebook.connect\protected\extensions\facebook\FbLogin.php:27)
Stack trace:
#0 C:\xampp\htdocs\facebook.connect\framework\web\CBaseController.php(119): require()
#1 C:\xampp\htdocs\facebook.connect\framework\web\CBaseController.php(88): SiteController->renderInternal()
#2 C:\xampp\htdocs\facebook.connect\framework\web\widgets\CContentDecorator.php(78): SiteController->renderFile()
#3 C:\xampp\htdocs\facebook.connect\framework\web\widgets\CContentDecorator.php(56): CContentDecorator->decorate()
#4 C:\xampp\htdocs\facebook.connect\framework\web\widgets\COutputProcessor.php(45): CContentDecorator->processOutput()
#5 C:\xampp\htdocs\facebook.connect\framework\web\CBaseController.php(199): CContentDecorator->run()
#6 C:\xampp\htdocs\facebook.connect\framework\web\CBaseController.php(294): SiteController->endWidget()
#7 C:\xampp\htdocs\facebook.connect\protected\views\layouts\column1.php(7): SiteController->endContent()
#8 C:\xampp\htdocs\facebook.connect\framework\web\CBaseController.php(119): require()
#9 C:\xampp\htdocs\facebook.connect\framework\web\CBaseController.php(88): SiteController->renderInternal()
#10 C:\xampp\htdocs\facebook.connect\framework\web\CController.php(781): SiteController->renderFile()
#11 C:\xampp\htdocs\facebook.connect\protected\controllers\SiteController.php(35): SiteController->render()
#12 C:\xampp\htdocs\facebook.connect\framework\web\actions\CInlineAction.php(50): SiteController->actionIndex()
#13 C:\xampp\htdocs\facebook.connect\framework\web\CController.php(300): CInlineAction->runWithParams()
#14 C:\xampp\htdocs\facebook.connect\framework\web\CController.php(278): SiteController->runAction()
#15 C:\xampp\htdocs\facebook.connect\framework\web\CController.php(257): SiteController->runActionWithFilters()
#16 C:\xampp\htdocs\facebook.connect\framework\web\CWebApplication.php(277): SiteController->run()
#17 C:\xampp\htdocs\facebook.connect\framework\web\CWebApplication.php(136): CWebApplication->runController()
#18 C:\xampp\htdocs\facebook.connect\framework\base\CApplication.php(158): CWebApplication->processRequest()
#19 C:\xampp\htdocs\facebook.connect\index.php(13): CWebApplication->run()
REQUEST_URI=/facebook.connect/
in C:\xampp\htdocs\facebook.connect\protected\extensions\facebook\FbLogin.php (27)
in C:\xampp\htdocs\facebook.connect\protected\views\layouts\main.php (51)
in C:\xampp\htdocs\facebook.connect\protected\views\layouts\column1.php (7)
2011/11/19 22:33:38 [error] [php] Use of undefined constant CURLOPT_CONNECTTIMEOUT - assumed 'CURLOPT_CONNECTTIMEOUT' (C:\xampp\htdocs\facebook.connect\protected\extensions\facebook\FbLogin.php:27)
Stack trace:
#0 C:\xampp\htdocs\facebook.connect\framework\web\CBaseController.php(119): require()
#1 C:\xampp\htdocs\facebook.connect\framework\web\CBaseController.php(88): SiteController->renderInternal()
#2 C:\xampp\htdocs\facebook.connect\framework\web\widgets\CContentDecorator.php(78): SiteController->renderFile()
#3 C:\xampp\htdocs\facebook.connect\framework\web\widgets\CContentDecorator.php(56): CContentDecorator->decorate()
#4 C:\xampp\htdocs\facebook.connect\framework\web\widgets\COutputProcessor.php(45): CContentDecorator->processOutput()
#5 C:\xampp\htdocs\facebook.connect\framework\web\CBaseController.php(199): CContentDecorator->run()
#6 C:\xampp\htdocs\facebook.connect\framework\web\CBaseController.php(294): SiteController->endWidget()
#7 C:\xampp\htdocs\facebook.connect\protected\views\layouts\column1.php(7): SiteController->endContent()
#8 C:\xampp\htdocs\facebook.connect\framework\web\CBaseController.php(119): require()
#9 C:\xampp\htdocs\facebook.connect\framework\web\CBaseController.php(88): SiteController->renderInternal()
#10 C:\xampp\htdocs\facebook.connect\framework\web\CController.php(781): SiteController->renderFile()
#11 C:\xampp\htdocs\facebook.connect\protected\controllers\SiteController.php(35): SiteController->render()
#12 C:\xampp\htdocs\facebook.connect\framework\web\actions\CInlineAction.php(50): SiteController->actionIndex()
#13 C:\xampp\htdocs\facebook.connect\framework\web\CController.php(300): CInlineAction->runWithParams()
#14 C:\xampp\htdocs\facebook.connect\framework\web\CController.php(278): SiteController->runAction()
#15 C:\xampp\htdocs\facebook.connect\framework\web\CController.php(257): SiteController->runActionWithFilters()
#16 C:\xampp\htdocs\facebook.connect\framework\web\CWebApplication.php(277): SiteController->run()
#17 C:\xampp\htdocs\facebook.connect\framework\web\CWebApplication.php(136): CWebApplication->runController()
#18 C:\xampp\htdocs\facebook.connect\framework\base\CApplication.php(158): CWebApplication->processRequest()
#19 C:\xampp\htdocs\facebook.connect\index.php(13): CWebApplication->run()
REQUEST_URI=/facebook.connect/
in C:\xampp\htdocs\facebook.connect\protected\extensions\facebook\FbLogin.php (27)
in C:\xampp\htdocs\facebook.connect\protected\views\layouts\main.php (51)
in C:\xampp\htdocs\facebook.connect\protected\views\layouts\column1.php (7)
2011/11/19 22:35:56 [error] [php] Use of undefined constant CURLOPT_CONNECTTIMEOUT - assumed 'CURLOPT_CONNECTTIMEOUT' (C:\xampp\htdocs\facebook.connect\protected\extensions\facebook\FbLogin.php:32)
Stack trace:
#0 C:\xampp\htdocs\facebook.connect\framework\web\CBaseController.php(119): require()
#1 C:\xampp\htdocs\facebook.connect\framework\web\CBaseController.php(88): SiteController->renderInternal()
#2 C:\xampp\htdocs\facebook.connect\framework\web\widgets\CContentDecorator.php(78): SiteController->renderFile()
#3 C:\xampp\htdocs\facebook.connect\framework\web\widgets\CContentDecorator.php(56): CContentDecorator->decorate()
#4 C:\xampp\htdocs\facebook.connect\framework\web\widgets\COutputProcessor.php(45): CContentDecorator->processOutput()
#5 C:\xampp\htdocs\facebook.connect\framework\web\CBaseController.php(199): CContentDecorator->run()
#6 C:\xampp\htdocs\facebook.connect\framework\web\CBaseController.php(294): SiteController->endWidget()
#7 C:\xampp\htdocs\facebook.connect\protected\views\layouts\column1.php(7): SiteController->endContent()
#8 C:\xampp\htdocs\facebook.connect\framework\web\CBaseController.php(119): require()
#9 C:\xampp\htdocs\facebook.connect\framework\web\CBaseController.php(88): SiteController->renderInternal()
#10 C:\xampp\htdocs\facebook.connect\framework\web\CController.php(781): SiteController->renderFile()
#11 C:\xampp\htdocs\facebook.connect\protected\controllers\SiteController.php(35): SiteController->render()
#12 C:\xampp\htdocs\facebook.connect\framework\web\actions\CInlineAction.php(50): SiteController->actionIndex()
#13 C:\xampp\htdocs\facebook.connect\framework\web\CController.php(300): CInlineAction->runWithParams()
#14 C:\xampp\htdocs\facebook.connect\framework\web\CController.php(278): SiteController->runAction()
#15 C:\xampp\htdocs\facebook.connect\framework\web\CController.php(257): SiteController->runActionWithFilters()
#16 C:\xampp\htdocs\facebook.connect\framework\web\CWebApplication.php(277): SiteController->run()
#17 C:\xampp\htdocs\facebook.connect\framework\web\CWebApplication.php(136): CWebApplication->runController()
#18 C:\xampp\htdocs\facebook.connect\framework\base\CApplication.php(158): CWebApplication->processRequest()
#19 C:\xampp\htdocs\facebook.connect\index.php(13): CWebApplication->run()
REQUEST_URI=/facebook.connect/
in C:\xampp\htdocs\facebook.connect\protected\extensions\facebook\FbLogin.php (32)
in C:\xampp\htdocs\facebook.connect\protected\views\layouts\main.php (51)
in C:\xampp\htdocs\facebook.connect\protected\views\layouts\column1.php (7)
